Build started 16-09-2012 12:28:52.
     1>Project "C:\Users\Alex\Desktop\C++\Fedia V 1.0\Fedia V 1.0\Fedia V 1.0.vcxproj" on node 2 (build target(s)).
     1>InitializeBuildStatus:
         Creating "Debug\Fedia V 1.0.unsuccessfulbuild" because "AlwaysCreate" was specified.
       ClCompile:
         C:\Program Files (x86)\Microsoft Visual Studio 10.0\VC\bin\CL.exe /c /ZI /nologo /W3 /WX- /Od /Oy- /D _MBCS /Gm /EHsc /RTC1 /MDd /GS /fp:precise /Zc:wchar_t /Zc:forScope /Fo"Debug\\" /Fd"Debug\vc100.pdb" /Gd /TP /analyze- /errorReport:prompt database.cpp main.cpp map.cpp mob.cpp player.cpp
         player.cpp
         mob.cpp
         map.cpp
         main.cpp
         database.cpp
         Generating Code...
       Link:
         C:\Program Files (x86)\Microsoft Visual Studio 10.0\VC\bin\link.exe /ERRORREPORT:PROMPT /OUT:"C:\Users\Alex\Desktop\C++\Fedia V 1.0\Debug\Fedia V 1.0.exe" /NOLOGO kernel32.lib user32.lib gdi32.lib winspool.lib comdlg32.lib advapi32.lib shell32.lib ole32.lib oleaut32.lib uuid.lib odbc32.lib odbccp32.lib /MANIFEST /ManifestFile:"Debug\Fedia V 1.0.exe.intermediate.manifest" /MANIFESTUAC:"level='asInvoker' uiAccess='false'" /DEBUG /PDB:"C:\Users\Alex\Desktop\C++\Fedia V 1.0\Debug\Fedia V 1.0.pdb" /TLBID:1 /DYNAMICBASE /NXCOMPAT /IMPLIB:"C:\Users\Alex\Desktop\C++\Fedia V 1.0\Debug\Fedia V 1.0.lib" /MACHINE:X86 Debug\database.obj
         Debug\main.obj
         Debug\map.obj
         Debug\mob.obj
         Debug\player.obj
         LINK : C:\Users\Alex\Desktop\C++\Fedia V 1.0\Debug\Fedia V 1.0.exe not found or not built by the last incremental link; performing full link
         Fedia V 1.0.vcxproj -> C:\Users\Alex\Desktop\C++\Fedia V 1.0\Debug\Fedia V 1.0.exe
       Manifest:
         C:\Program Files (x86)\Microsoft SDKs\Windows\v7.0A\bin\mt.exe /nologo /verbose /outputresource:"C:\Users\Alex\Desktop\C++\Fedia V 1.0\Debug\Fedia V 1.0.exe;#1" /manifest "Debug\Fedia V 1.0.exe.intermediate.manifest"
       FinalizeBuildStatus:
         Deleting file "Debug\Fedia V 1.0.unsuccessfulbuild".
         Touching "Debug\Fedia V 1.0.lastbuildstate".
     1>Done Building Project "C:\Users\Alex\Desktop\C++\Fedia V 1.0\Fedia V 1.0\Fedia V 1.0.vcxproj" (build target(s)).

Build succeeded.

Time Elapsed 00:00:02.52
